<?xml version="1.0" encoding="UTF-8"?>
<!-- Generated by org.testng.reporters.JUnitReportReporter -->
<testsuite skipped="0" hostname="wecashtesterdeMacBook-Pro.local" name="com.leepuvier.learn.controller.CompanyControllTest" tests="1" failures="0" timestamp="18 九月 2019 04:36:36 GMT" time="0.146" errors="0">
  <testcase name="getHello" time="0.146" classname="com.leepuvier.learn.controller.CompanyControllTest"/>
</testsuite> <!-- com.leepuvier.learn.controller.CompanyControllTest -->
